[debug] [2022-01-14T00:41:27.396Z] ----------------------------------------------------------------------
[debug] [2022-01-14T00:41:27.398Z] Command:       C:\Program Files\nodejs\node.exe C:\Users\kange\AppData\Roaming\npm\node_modules\firebase-tools\lib\bin\firebase.js init hosting:github
[debug] [2022-01-14T00:41:27.399Z] CLI Version:   10.1.0
[debug] [2022-01-14T00:41:27.399Z] Platform:      win32
[debug] [2022-01-14T00:41:27.399Z] Node Version:  v16.10.0
[debug] [2022-01-14T00:41:27.403Z] Time:          Thu Jan 13 2022 19:41:27 GMT-0500 (Eastern Standard Time)
[debug] [2022-01-14T00:41:27.403Z] ----------------------------------------------------------------------
[debug] 
[debug] [2022-01-14T00:41:27.406Z] >>> [apiv2][query] GET https://firebase-public.firebaseio.com/cli.json [none]
[debug] [2022-01-14T00:41:27.474Z] > command requires scopes: ["email","openid","https://www.googleapis.com/auth/cloudplatformprojects.readonly","https://www.googleapis.com/auth/firebase","https://www.googleapis.com/auth/cloud-platform"]
[debug] [2022-01-14T00:41:27.474Z] > authorizing via signed-in user (kangeuge90@gmail.com)
[info] 
     ######## #### ########  ######## ########     ###     ######  ########
     ##        ##  ##     ## ##       ##     ##  ##   ##  ##       ##
     ######    ##  ########  ######   ########  #########  ######  ######
     ##        ##  ##    ##  ##       ##     ## ##     ##       ## ##
     ##       #### ##     ## ######## ########  ##     ##  ######  ########

You're about to initialize a Firebase project in this directory:

  C:\Users\kange\grand-circus\notesAndCodeAlongs\jan13bikeCommutrCodeAlong\bike-commutr\frontend\bike-commutr

Before we get started, keep in mind:

  * You are initializing within an existing Firebase project directory

[debug] [2022-01-14T00:41:27.746Z] <<< [apiv2][status] GET https://firebase-public.firebaseio.com/cli.json 200
[debug] [2022-01-14T00:41:27.746Z] <<< [apiv2][body] GET https://firebase-public.firebaseio.com/cli.json {"cloudBuildErrorAfter":1594252800000,"cloudBuildWarnAfter":1590019200000,"defaultNode10After":1594252800000,"minVersion":"3.0.5","node8DeploysDisabledAfter":1613390400000,"node8RuntimeDisabledAfter":1615809600000,"node8WarnAfter":1600128000000}
[info] 
=== Project Setup
[info] 
[info] First, let's associate this project directory with a Firebase project.
[info] You can create multiple project aliases by running firebase use --add, 
[info] but for now we'll just set up a default project.
[info] 
[debug] [2022-01-14T00:41:54.793Z] Using project from CLI flag: bike-commutr
[debug] [2022-01-14T00:41:54.795Z] > refreshing access token with scopes: []
[debug] [2022-01-14T00:41:54.796Z] >>> HTTP REQUEST POST https://www.googleapis.com/oauth2/v3/token  
 <request body omitted>
[debug] [2022-01-14T00:41:55.040Z] <<< HTTP RESPONSE 200 {"cache-control":"no-cache, no-store, max-age=0, must-revalidate","date":"Fri, 14 Jan 2022 00:41:55 GMT","pragma":"no-cache","expires":"Mon, 01 Jan 1990 00:00:00 GMT","content-type":"application/json; charset=utf-8","vary":"X-Origin, Referer, Origin,Accept-Encoding","server":"scaffolding on HTTPServer2","x-xss-protection":"0","x-frame-options":"SAMEORIGIN","x-content-type-options":"nosniff","alt-svc":"h3=\":443\"; ma=2592000,h3-29=\":443\"; ma=2592000,h3-Q050=\":443\"; ma=2592000,h3-Q046=\":443\"; ma=2592000,h3-Q043=\":443\"; ma=2592000,quic=\":443\"; ma=2592000; v=\"46,43\"","accept-ranges":"none","transfer-encoding":"chunked"}
[debug] [2022-01-14T00:41:55.049Z] >>> [apiv2][query] GET https://firebase.googleapis.com/v1beta1/projects/bike-commutr [none]
[debug] [2022-01-14T00:41:55.512Z] <<< [apiv2][status] GET https://firebase.googleapis.com/v1beta1/projects/bike-commutr 403
[debug] [2022-01-14T00:41:55.512Z] <<< [apiv2][body] GET https://firebase.googleapis.com/v1beta1/projects/bike-commutr {"error":{"code":403,"message":"The caller does not have permission","status":"PERMISSION_DENIED"}}
[debug] [2022-01-14T00:41:55.512Z] HTTP Error: 403, The caller does not have permission
[debug] [2022-01-14T00:41:55.513Z] FirebaseError: HTTP Error: 403, The caller does not have permission
    at module.exports (C:\Users\kange\AppData\Roaming\npm\node_modules\firebase-tools\lib\responseToError.js:38:12)
    at Client.doRequest (C:\Users\kange\AppData\Roaming\npm\node_modules\firebase-tools\lib\apiv2.js:241:23)
    at processTicksAndRejections (node:internal/process/task_queues:96:5)
    at async Client.request (C:\Users\kange\AppData\Roaming\npm\node_modules\firebase-tools\lib\apiv2.js:96:20)
    at async getFirebaseProject (C:\Users\kange\AppData\Roaming\npm\node_modules\firebase-tools\lib\management\projects.js:290:21)
    at async Object.doSetup [as project] (C:\Users\kange\AppData\Roaming\npm\node_modules\firebase-tools\lib\init\features\project.js:85:27)
    at async init (C:\Users\kange\AppData\Roaming\npm\node_modules\firebase-tools\lib\init\index.js:19:9)
[error] 
[error] Error: Failed to get Firebase project bike-commutr. Please make sure the project exists and your account has permission to access it.
